{
  "RSpec": {
    "coverage": {
      "/Users/yoshi/dev/challenge-me/config/environment.rb": [
        null,
        1,
        null,
        null,
        1
      ],
      "/Users/yoshi/dev/challenge-me/config/application.rb": [
        1,
        null,
        null,
        1,
        1,
        1,
        1,
        1,
        1,
        null,
        null,
        null,
        null,
        1,
        null,
        1,
        1,
        null,
        null,
        null,
        null,
        null,
        null,
        null,
        null,
        null,
        null,
        null,
        null,
        null
      ],
      "/Users/yoshi/dev/challenge-me/config/boot.rb": [
        null,
        1,
        null,
        1
      ],
      "/Users/yoshi/dev/challenge-me/config/environments/test.rb": [
        1,
        null,
        null,
        null,
        null,
        null,
        null,
        1,
        null,
        null,
        null,
        null,
        1,
        null,
        null,
        1,
        1,
        null,
        null,
        1,
        1,
        null,
        null,
        1,
        null,
        null,
        1,
        null,
        null,
        null,
        null,
        1,
        null,
        null,
        1,
        null,
        null,
        null,
        null
      ],
      "/Users/yoshi/dev/challenge-me/config/initializers/assets.rb": [
        null,
        null,
        null,
        1,
        null,
        null,
        null,
        null
      ],
      "/Users/yoshi/dev/challenge-me/config/initializers/backtrace_silencers.rb": [
        null,
        null,
        null,
        null,
        null,
        null,
        null
      ],
      "/Users/yoshi/dev/challenge-me/config/initializers/cookies_serializer.rb": [
        null,
        null,
        1
      ],
      "/Users/yoshi/dev/challenge-me/config/initializers/filter_parameter_logging.rb": [
        null,
        null,
        null,
        1
      ],
      "/Users/yoshi/dev/challenge-me/config/initializers/inflections.rb": [
        null,
        null,
        null,
        null,
        null,
        null,
        null,
        null,
        null,
        null,
        null,
        null,
        null,
        null,
        null,
        null
      ],
      "/Users/yoshi/dev/challenge-me/config/initializers/justgiving.rb": [
        1,
        null,
        1,
        1,
        1,
        1,
        1
      ],
      "/Users/yoshi/dev/challenge-me/config/initializers/mime_types.rb": [
        null,
        null,
        null,
        null
      ],
      "/Users/yoshi/dev/challenge-me/config/initializers/session_store.rb": [
        null,
        null,
        1
      ],
      "/Users/yoshi/dev/challenge-me/config/initializers/wrap_parameters.rb": [
        null,
        null,
        null,
        null,
        null,
        null,
        1,
        1,
        null,
        null,
        null,
        null,
        null,
        null
      ],
      "/Users/yoshi/dev/challenge-me/config/routes.rb": [
        1,
        1,
        1,
        null,
        null
      ],
      "/Users/yoshi/dev/challenge-me/app/helpers/application_helper.rb": [
        1,
        null
      ],
      "/Users/yoshi/dev/challenge-me/app/helpers/events_helper.rb": [
        1,
        null
      ],
      "/Users/yoshi/dev/challenge-me/app/helpers/posts_helper.rb": [
        1,
        null
      ],
      "/Users/yoshi/dev/challenge-me/app/controllers/events_controller.rb": [
        1,
        1,
        3,
        null,
        null,
        1,
        2,
        null,
        null,
        1,
        2,
        2,
        1,
        null,
        1,
        null,
        null,
        null,
        1,
        8,
        8,
        null,
        null
      ],
      "/Users/yoshi/dev/challenge-me/app/controllers/application_controller.rb": [
        1,
        null,
        null,
        1,
        null
      ],
      "/Users/yoshi/dev/challenge-me/app/controllers/posts_controller.rb": [
        1,
        1,
        0,
        null,
        null,
        1,
        2,
        2,
        null,
        null,
        1,
        2,
        2,
        2,
        2,
        null,
        null
      ],
      "/Users/yoshi/dev/challenge-me/app/models/event.rb": [
        1,
        1,
        1,
        1,
        1,
        1,
        1,
        null,
        1,
        null,
        1,
        17,
        1,
        null,
        null,
        null
      ],
      "/Users/yoshi/dev/challenge-me/app/models/post.rb": [
        1,
        1,
        null,
        null,
        null,
        null,
        null,
        null,
        null,
        1,
        null,
        1,
        null
      ]
    },
    "timestamp": 1409502368
  }
}
